2025-07-07 18:50:44,901 - app - ERROR - Exception on /weekly_report [GET]
Traceback (most recent call last):
  File "/Users/binbin/Desktop/hotel/venv/lib/python3.9/site-packages/flask/app.py", line 1511, in wsgi_app
    response = self.full_dispatch_request()
  File "/Users/binbin/Desktop/hotel/venv/lib/python3.9/site-packages/flask/app.py", line 919, in full_dispatch_request
    rv = self.handle_user_exception(e)
  File "/Users/binbin/Desktop/hotel/venv/lib/python3.9/site-packages/flask/app.py", line 917, in full_dispatch_request
    rv = self.dispatch_request()
  File "/Users/binbin/Desktop/hotel/venv/lib/python3.9/site-packages/flask/app.py", line 902, in dispatch_request
    return self.ensure_sync(self.view_functions[rule.endpoint])(**view_args)  # type: ignore[no-any-return]
  File "/Users/binbin/Desktop/hotel/app.py", line 626, in weekly_report
    return render_template('weekly_report.html',
  File "/Users/binbin/Desktop/hotel/venv/lib/python3.9/site-packages/flask/templating.py", line 150, in render_template
    return _render(app, template, context)
  File "/Users/binbin/Desktop/hotel/venv/lib/python3.9/site-packages/flask/templating.py", line 131, in _render
    rv = template.render(context)
  File "/Users/binbin/Desktop/hotel/venv/lib/python3.9/site-packages/jinja2/environment.py", line 1295, in render
    self.environment.handle_exception()
  File "/Users/binbin/Desktop/hotel/venv/lib/python3.9/site-packages/jinja2/environment.py", line 942, in handle_exception
    raise rewrite_traceback_stack(source=source)
  File "/Users/binbin/Desktop/hotel/templates/weekly_report.html", line 1, in top-level template code
    {% extends "base.html" %}
  File "/Users/binbin/Desktop/hotel/templates/base.html", line 241, in top-level template code
    {% block content %}{% endblock %}
  File "/Users/binbin/Desktop/hotel/templates/weekly_report.html", line 164, in block 'content'
    <p class="text-gray-600">{{ report_data.summary.date_range }}</p>
  File "/Users/binbin/Desktop/hotel/venv/lib/python3.9/site-packages/jinja2/environment.py", line 490, in getattr
    return getattr(obj, attribute)
jinja2.exceptions.UndefinedError: 'dict object' has no attribute 'summary'
2025-07-07 18:50:47,613 - app - ERROR - Exception on /weekly_report [GET]
Traceback (most recent call last):
  File "/Users/binbin/Desktop/hotel/venv/lib/python3.9/site-packages/flask/app.py", line 1511, in wsgi_app
    response = self.full_dispatch_request()
  File "/Users/binbin/Desktop/hotel/venv/lib/python3.9/site-packages/flask/app.py", line 919, in full_dispatch_request
    rv = self.handle_user_exception(e)
  File "/Users/binbin/Desktop/hotel/venv/lib/python3.9/site-packages/flask/app.py", line 917, in full_dispatch_request
    rv = self.dispatch_request()
  File "/Users/binbin/Desktop/hotel/venv/lib/python3.9/site-packages/flask/app.py", line 902, in dispatch_request
    return self.ensure_sync(self.view_functions[rule.endpoint])(**view_args)  # type: ignore[no-any-return]
  File "/Users/binbin/Desktop/hotel/app.py", line 626, in weekly_report
    return render_template('weekly_report.html',
  File "/Users/binbin/Desktop/hotel/venv/lib/python3.9/site-packages/flask/templating.py", line 150, in render_template
    return _render(app, template, context)
  File "/Users/binbin/Desktop/hotel/venv/lib/python3.9/site-packages/flask/templating.py", line 131, in _render
    rv = template.render(context)
  File "/Users/binbin/Desktop/hotel/venv/lib/python3.9/site-packages/jinja2/environment.py", line 1295, in render
    self.environment.handle_exception()
  File "/Users/binbin/Desktop/hotel/venv/lib/python3.9/site-packages/jinja2/environment.py", line 942, in handle_exception
    raise rewrite_traceback_stack(source=source)
  File "/Users/binbin/Desktop/hotel/templates/weekly_report.html", line 1, in top-level template code
    {% extends "base.html" %}
  File "/Users/binbin/Desktop/hotel/templates/base.html", line 241, in top-level template code
    {% block content %}{% endblock %}
  File "/Users/binbin/Desktop/hotel/templates/weekly_report.html", line 164, in block 'content'
    <p class="text-gray-600">{{ report_data.summary.date_range }}</p>
  File "/Users/binbin/Desktop/hotel/venv/lib/python3.9/site-packages/jinja2/environment.py", line 490, in getattr
    return getattr(obj, attribute)
jinja2.exceptions.UndefinedError: 'dict object' has no attribute 'summary'
2025-07-07 18:52:51,858 - app - ERROR - Exception on /weekly_report [GET]
Traceback (most recent call last):
  File "/Users/binbin/Desktop/hotel/venv/lib/python3.9/site-packages/flask/app.py", line 1511, in wsgi_app
    response = self.full_dispatch_request()
  File "/Users/binbin/Desktop/hotel/venv/lib/python3.9/site-packages/flask/app.py", line 919, in full_dispatch_request
    rv = self.handle_user_exception(e)
  File "/Users/binbin/Desktop/hotel/venv/lib/python3.9/site-packages/flask/app.py", line 917, in full_dispatch_request
    rv = self.dispatch_request()
  File "/Users/binbin/Desktop/hotel/venv/lib/python3.9/site-packages/flask/app.py", line 902, in dispatch_request
    return self.ensure_sync(self.view_functions[rule.endpoint])(**view_args)  # type: ignore[no-any-return]
  File "/Users/binbin/Desktop/hotel/app.py", line 626, in weekly_report
    return render_template('weekly_report.html',
  File "/Users/binbin/Desktop/hotel/venv/lib/python3.9/site-packages/flask/templating.py", line 150, in render_template
    return _render(app, template, context)
  File "/Users/binbin/Desktop/hotel/venv/lib/python3.9/site-packages/flask/templating.py", line 131, in _render
    rv = template.render(context)
  File "/Users/binbin/Desktop/hotel/venv/lib/python3.9/site-packages/jinja2/environment.py", line 1295, in render
    self.environment.handle_exception()
  File "/Users/binbin/Desktop/hotel/venv/lib/python3.9/site-packages/jinja2/environment.py", line 942, in handle_exception
    raise rewrite_traceback_stack(source=source)
  File "/Users/binbin/Desktop/hotel/templates/weekly_report.html", line 1, in top-level template code
    {% extends "base.html" %}
  File "/Users/binbin/Desktop/hotel/templates/base.html", line 241, in top-level template code
    {% block content %}{% endblock %}
  File "/Users/binbin/Desktop/hotel/templates/weekly_report.html", line 164, in block 'content'
    <p class="text-gray-600">{{ report_data.summary.date_range }}</p>
  File "/Users/binbin/Desktop/hotel/venv/lib/python3.9/site-packages/jinja2/environment.py", line 490, in getattr
    return getattr(obj, attribute)
jinja2.exceptions.UndefinedError: 'dict object' has no attribute 'summary'
2025-07-07 18:52:53,883 - app - ERROR - Exception on /weekly_report [GET]
Traceback (most recent call last):
  File "/Users/binbin/Desktop/hotel/venv/lib/python3.9/site-packages/flask/app.py", line 1511, in wsgi_app
    response = self.full_dispatch_request()
  File "/Users/binbin/Desktop/hotel/venv/lib/python3.9/site-packages/flask/app.py", line 919, in full_dispatch_request
    rv = self.handle_user_exception(e)
  File "/Users/binbin/Desktop/hotel/venv/lib/python3.9/site-packages/flask/app.py", line 917, in full_dispatch_request
    rv = self.dispatch_request()
  File "/Users/binbin/Desktop/hotel/venv/lib/python3.9/site-packages/flask/app.py", line 902, in dispatch_request
    return self.ensure_sync(self.view_functions[rule.endpoint])(**view_args)  # type: ignore[no-any-return]
  File "/Users/binbin/Desktop/hotel/app.py", line 626, in weekly_report
    return render_template('weekly_report.html',
  File "/Users/binbin/Desktop/hotel/venv/lib/python3.9/site-packages/flask/templating.py", line 150, in render_template
    return _render(app, template, context)
  File "/Users/binbin/Desktop/hotel/venv/lib/python3.9/site-packages/flask/templating.py", line 131, in _render
    rv = template.render(context)
  File "/Users/binbin/Desktop/hotel/venv/lib/python3.9/site-packages/jinja2/environment.py", line 1295, in render
    self.environment.handle_exception()
  File "/Users/binbin/Desktop/hotel/venv/lib/python3.9/site-packages/jinja2/environment.py", line 942, in handle_exception
    raise rewrite_traceback_stack(source=source)
  File "/Users/binbin/Desktop/hotel/templates/weekly_report.html", line 1, in top-level template code
    {% extends "base.html" %}
  File "/Users/binbin/Desktop/hotel/templates/base.html", line 241, in top-level template code
    {% block content %}{% endblock %}
  File "/Users/binbin/Desktop/hotel/templates/weekly_report.html", line 164, in block 'content'
    <p class="text-gray-600">{{ report_data.summary.date_range }}</p>
  File "/Users/binbin/Desktop/hotel/venv/lib/python3.9/site-packages/jinja2/environment.py", line 490, in getattr
    return getattr(obj, attribute)
jinja2.exceptions.UndefinedError: 'dict object' has no attribute 'summary'
2025-07-07 18:54:10,344 - app - ERROR - Exception on /weekly_report [GET]
Traceback (most recent call last):
  File "/Users/binbin/Desktop/hotel/venv/lib/python3.9/site-packages/flask/app.py", line 1511, in wsgi_app
    response = self.full_dispatch_request()
  File "/Users/binbin/Desktop/hotel/venv/lib/python3.9/site-packages/flask/app.py", line 919, in full_dispatch_request
    rv = self.handle_user_exception(e)
  File "/Users/binbin/Desktop/hotel/venv/lib/python3.9/site-packages/flask/app.py", line 917, in full_dispatch_request
    rv = self.dispatch_request()
  File "/Users/binbin/Desktop/hotel/venv/lib/python3.9/site-packages/flask/app.py", line 902, in dispatch_request
    return self.ensure_sync(self.view_functions[rule.endpoint])(**view_args)  # type: ignore[no-any-return]
  File "/Users/binbin/Desktop/hotel/app.py", line 626, in weekly_report
    return render_template('weekly_report.html',
  File "/Users/binbin/Desktop/hotel/venv/lib/python3.9/site-packages/flask/templating.py", line 150, in render_template
    return _render(app, template, context)
  File "/Users/binbin/Desktop/hotel/venv/lib/python3.9/site-packages/flask/templating.py", line 131, in _render
    rv = template.render(context)
  File "/Users/binbin/Desktop/hotel/venv/lib/python3.9/site-packages/jinja2/environment.py", line 1295, in render
    self.environment.handle_exception()
  File "/Users/binbin/Desktop/hotel/venv/lib/python3.9/site-packages/jinja2/environment.py", line 942, in handle_exception
    raise rewrite_traceback_stack(source=source)
  File "/Users/binbin/Desktop/hotel/templates/weekly_report.html", line 1, in top-level template code
    {% extends "base.html" %}
  File "/Users/binbin/Desktop/hotel/templates/base.html", line 241, in top-level template code
    {% block content %}{% endblock %}
  File "/Users/binbin/Desktop/hotel/templates/weekly_report.html", line 220, in block 'content'
    <td>{{ "%.2f"|format(report_data.summary.total_room_nights|float) }}</td>
  File "/Users/binbin/Desktop/hotel/venv/lib/python3.9/site-packages/jinja2/environment.py", line 490, in getattr
    return getattr(obj, attribute)
jinja2.exceptions.UndefinedError: 'dict object' has no attribute 'summary'
2025-07-07 19:10:38,441 - app - ERROR - 生成周报表时发生错误: The truth value of a Series is ambiguous. Use a.empty, a.bool(), a.item(), a.any() or a.all().
Traceback (most recent call last):
  File "/Users/binbin/Desktop/hotel/app.py", line 707, in generate_weekly_report
    total_avg_price = total_revenue / total_room_nights if total_room_nights > 0 else 0
  File "/Users/binbin/Desktop/hotel/venv/lib/python3.9/site-packages/pandas/core/generic.py", line 1577, in __nonzero__
    raise ValueError(
ValueError: The truth value of a Series is ambiguous. Use a.empty, a.bool(), a.item(), a.any() or a.all().
2025-07-07 19:10:38,486 - app - ERROR - Exception on /weekly_report [GET]
Traceback (most recent call last):
  File "/Users/binbin/Desktop/hotel/venv/lib/python3.9/site-packages/flask/app.py", line 1511, in wsgi_app
    response = self.full_dispatch_request()
  File "/Users/binbin/Desktop/hotel/venv/lib/python3.9/site-packages/flask/app.py", line 919, in full_dispatch_request
    rv = self.handle_user_exception(e)
  File "/Users/binbin/Desktop/hotel/venv/lib/python3.9/site-packages/flask/app.py", line 917, in full_dispatch_request
    rv = self.dispatch_request()
  File "/Users/binbin/Desktop/hotel/venv/lib/python3.9/site-packages/flask/app.py", line 902, in dispatch_request
    return self.ensure_sync(self.view_functions[rule.endpoint])(**view_args)  # type: ignore[no-any-return]
  File "/Users/binbin/Desktop/hotel/app.py", line 616, in weekly_report
    return render_template('weekly_report.html',
  File "/Users/binbin/Desktop/hotel/venv/lib/python3.9/site-packages/flask/templating.py", line 150, in render_template
    return _render(app, template, context)
  File "/Users/binbin/Desktop/hotel/venv/lib/python3.9/site-packages/flask/templating.py", line 131, in _render
    rv = template.render(context)
  File "/Users/binbin/Desktop/hotel/venv/lib/python3.9/site-packages/jinja2/environment.py", line 1295, in render
    self.environment.handle_exception()
  File "/Users/binbin/Desktop/hotel/venv/lib/python3.9/site-packages/jinja2/environment.py", line 942, in handle_exception
    raise rewrite_traceback_stack(source=source)
  File "/Users/binbin/Desktop/hotel/templates/weekly_report.html", line 1, in top-level template code
    {% extends "base.html" %}
  File "/Users/binbin/Desktop/hotel/templates/base.html", line 241, in top-level template code
    {% block content %}{% endblock %}
  File "/Users/binbin/Desktop/hotel/templates/weekly_report.html", line 170, in block 'content'
    <div class="summary-value">¥{{ "%.2f"|format(report_data.total_summary.revenue|float) }}</div>
  File "/Users/binbin/Desktop/hotel/venv/lib/python3.9/site-packages/jinja2/filters.py", line 1013, in do_float
    return float(value)
jinja2.exceptions.UndefinedError: 'dict object' has no attribute 'revenue'
2025-07-07 19:10:40,882 - app - ERROR - 生成周报表时发生错误: The truth value of a Series is ambiguous. Use a.empty, a.bool(), a.item(), a.any() or a.all().
Traceback (most recent call last):
  File "/Users/binbin/Desktop/hotel/app.py", line 707, in generate_weekly_report
    total_avg_price = total_revenue / total_room_nights if total_room_nights > 0 else 0
  File "/Users/binbin/Desktop/hotel/venv/lib/python3.9/site-packages/pandas/core/generic.py", line 1577, in __nonzero__
    raise ValueError(
ValueError: The truth value of a Series is ambiguous. Use a.empty, a.bool(), a.item(), a.any() or a.all().
2025-07-07 19:10:40,884 - app - ERROR - Exception on /weekly_report [GET]
Traceback (most recent call last):
  File "/Users/binbin/Desktop/hotel/venv/lib/python3.9/site-packages/flask/app.py", line 1511, in wsgi_app
    response = self.full_dispatch_request()
  File "/Users/binbin/Desktop/hotel/venv/lib/python3.9/site-packages/flask/app.py", line 919, in full_dispatch_request
    rv = self.handle_user_exception(e)
  File "/Users/binbin/Desktop/hotel/venv/lib/python3.9/site-packages/flask/app.py", line 917, in full_dispatch_request
    rv = self.dispatch_request()
  File "/Users/binbin/Desktop/hotel/venv/lib/python3.9/site-packages/flask/app.py", line 902, in dispatch_request
    return self.ensure_sync(self.view_functions[rule.endpoint])(**view_args)  # type: ignore[no-any-return]
  File "/Users/binbin/Desktop/hotel/app.py", line 616, in weekly_report
    return render_template('weekly_report.html',
  File "/Users/binbin/Desktop/hotel/venv/lib/python3.9/site-packages/flask/templating.py", line 150, in render_template
    return _render(app, template, context)
  File "/Users/binbin/Desktop/hotel/venv/lib/python3.9/site-packages/flask/templating.py", line 131, in _render
    rv = template.render(context)
  File "/Users/binbin/Desktop/hotel/venv/lib/python3.9/site-packages/jinja2/environment.py", line 1295, in render
    self.environment.handle_exception()
  File "/Users/binbin/Desktop/hotel/venv/lib/python3.9/site-packages/jinja2/environment.py", line 942, in handle_exception
    raise rewrite_traceback_stack(source=source)
  File "/Users/binbin/Desktop/hotel/templates/weekly_report.html", line 1, in top-level template code
    {% extends "base.html" %}
  File "/Users/binbin/Desktop/hotel/templates/base.html", line 241, in top-level template code
    {% block content %}{% endblock %}
  File "/Users/binbin/Desktop/hotel/templates/weekly_report.html", line 170, in block 'content'
    <div class="summary-value">¥{{ "%.2f"|format(report_data.total_summary.revenue|float) }}</div>
  File "/Users/binbin/Desktop/hotel/venv/lib/python3.9/site-packages/jinja2/filters.py", line 1013, in do_float
    return float(value)
jinja2.exceptions.UndefinedError: 'dict object' has no attribute 'revenue'
